

Version:	3.50
CmdLine:	E:\Coding\MedicalStockManagement\App\app.exe --l4j-debug
JNI:		No
WOW64:		Yes
Working dir:	E:\Coding\MedicalStockManagement\App\.
Requires JDK:	No
Requires 64-Bit: No
Java min ver:	
Java max ver:	
JRE paths:	bin\jre1.8.0_51
Check launcher:	E:\Coding\MedicalStockManagement\App\bin\jre1.8.0_51\bin\javaw.exe (OK)
Version string: 1.008.000_051 / 64-Bit (OK)
Launcher:	E:\Coding\MedicalStockManagement\App\bin\jre1.8.0_51\bin\javaw.exe
Launcher args:	-jar "E:\Coding\MedicalStockManagement\App\app.exe"
Args length:	51/32768 chars
Exit code:	0


Version:	3.50
CmdLine:	E:\Coding\MedicalStockManagement\App\app.exe --l4j-debug
JNI:		No
WOW64:		Yes
Working dir:	E:\Coding\MedicalStockManagement\App\.
Requires JDK:	No
Requires 64-Bit: No
Java min ver:	
Java max ver:	
Substitute:	JAVA_HOME = 
Substitute:	PATH = C:\ProgramData\Oracle\Java\javapath;C:\Program Files (x86)\VMware\VMware Workstation\bin\;C:\Program Files\Java\jdk-19;C:\Program Files\Common Files\Oracle\Java\javapath;C:\Windows\system32;C:\Windows;C:\Windows\System32\Wbem;C:\Windows\System32\WindowsPowerShell\v1.0\;C:\Windows\System32\OpenSSH\;E:\Coding\mysql\mysql\bin;C:\xampp\mysql\mysql-connector-j-8.0.32.jar;C:\Program Files\Git\cmd;C:\Program Files\Java\jdk-19\lib;C:\Program Files\Java\jdk-19\lib\jar_files;C:\Program Files\Java\jdk-19\lib\mysql;C:\Program Files\nodejs\;C:\ProgramData\chocolatey\bin;C:\Users\prabu\AppData\Local\Programs\Python\Python311\Scripts;C:\Program Files\Microsoft SQL Server\140\Tools\Binn\;C:\Users\prabu\AppData\Local\Programs\Python\Python311\Scripts\;C:\Users\prabu\AppData\Local\Programs\Python\Python311\;C:\Program Files\MinGW\bin;C:\Users\prabu\AppData\Local\Programs\Microsoft VS Code\bin;C:\Users\prabu\AppData\Local\Programs\Python\Python311\Lib\site-packages;C:\Users\prabu\AppData\Roaming\npm;C:\Users\prabu\AppData\Local;E:\InnoSetup\Inno Setup 6;C:\Users\prabu\AppData\Local\Programs\Python\Python311\Scripts\;C:\Users\prabu\AppData\Local\Programs\Python\Python311\;C:\Program Files\MinGW\bin;C:\Users\prabu\AppData\Local\Programs\Microsoft VS Code\bin;C:\Users\prabu\AppData\Local\Programs\Python\Python311\Lib\site-packages;C:\xampp\mysql\mysql-connector-j-8.0.32.jar;C:\Users\prabu\AppData\Roaming\npm;C:\Users\prabu\AppData\Local\Programs\Python\Python311\Scripts;C:\Users\prabu\AppData\Local\JetBrains\Toolbox\scripts;C:\Program Files\JetBrains\PyCharm Community Edition 2023.1.3\bin;;E:\InnoSetup\Inno Setup 6;;C:\Program Files\Java\jdk-19\bin
JRE paths:	;C:\ProgramData\Oracle\Java\javapath;C:\Program Files (x86)\VMware\VMware Workstation\bin\;C:\Program Files\Java\jdk-19;C:\Program Files\Common Files\Oracle\Java\javapath;C:\Windows\system32;C:\Windows;C:\Windows\System32\Wbem;C:\Windows\System32\WindowsPowerShell\v1.0\;C:\Windows\System32\OpenSSH\;E:\Coding\mysql\mysql\bin;C:\xampp\mysql\mysql-connector-j-8.0.32.jar;C:\Program Files\Git\cmd;C:\Program Files\Java\jdk-19\lib;C:\Program Files\Java\jdk-19\lib\jar_files;C:\Program Files\Java\jdk-19\lib\mysql;C:\Program Files\nodejs\;C:\ProgramData\chocolatey\bin;C:\Users\prabu\AppData\Local\Programs\Python\Python311\Scripts;C:\Program Files\Microsoft SQL Server\140\Tools\Binn\;C:\Users\prabu\AppData\Local\Programs\Python\Python311\Scripts\;C:\Users\prabu\AppData\Local\Programs\Python\Python311\;C:\Program Files\MinGW\bin;C:\Users\prabu\AppData\Local\Programs\Microsoft VS Code\bin;C:\Users\prabu\AppData\Local\Programs\Python\Python311\Lib\site-packages;C:\Users\prabu\AppData\Roaming\npm;C:\Users\prabu\AppData\Local;E:\InnoSetup\Inno Setup 6;C:\Users\prabu\AppData\Local\Programs\Python\Python311\Scripts\;C:\Users\prabu\AppData\Local\Programs\Python\Python311\;C:\Program Files\MinGW\bin;C:\Users\prabu\AppData\Local\Programs\Microsoft VS Code\bin;C:\Users\prabu\AppData\Local\Programs\Python\Python311\Lib\site-packages;C:\xampp\mysql\mysql-connector-j-8.0.32.jar;C:\Users\prabu\AppData\Roaming\npm;C:\Users\prabu\AppData\Local\Programs\Python\Python311\Scripts;C:\Users\prabu\AppData\Local\JetBrains\Toolbox\scripts;C:\Program Files\JetBrains\PyCharm Community Edition 2023.1.3\bin;;E:\InnoSetup\Inno Setup 6;;C:\Program Files\Java\jdk-19\bin
Check launcher:	C:\ProgramData\Oracle\Java\javapath\bin\javaw.exe (not found)
Check launcher:	C:\Program Files (x86)\VMware\VMware Workstation\bin\bin\javaw.exe (not found)
Check launcher:	C:\Program Files\Java\jdk-19\bin\javaw.exe (OK)
Version string: 1.019.000_002 / 64-Bit (OK)
Launcher:	C:\Program Files\Java\jdk-19\bin\javaw.exe
Launcher args:	-jar "E:\Coding\MedicalStockManagement\App\app.exe"
Args length:	51/32768 chars
Exit code:	0
